C:\Program Files (x86)\MSBuild\Microsoft.Cpp\v4.0\V140\Microsoft.CppBuild.targets(368,5): warning MSB8004: Output Directory does not end with a trailing slash.  This build instance will add the slash as it is required to allow proper evaluation of the Output Directory.
  main.cpp
main.cpp(134): warning C4996: 'fopen': This function or variable may be unsafe. Consider using fopen_s instead. To disable deprecation, use _CRT_SECURE_NO_WARNINGS. See online help for details.
  C:\Program Files (x86)\Windows Kits\10\Include\10.0.10240.0\ucrt\stdio.h(205): note: see declaration of 'fopen'
main.cpp(143): warning C4996: 'fscanf': This function or variable may be unsafe. Consider using fscanf_s instead. To disable deprecation, use _CRT_SECURE_NO_WARNINGS. See online help for details.
  C:\Program Files (x86)\Windows Kits\10\Include\10.0.10240.0\ucrt\stdio.h(1193): note: see declaration of 'fscanf'
main.cpp(149): warning C4996: 'fscanf': This function or variable may be unsafe. Consider using fscanf_s instead. To disable deprecation, use _CRT_SECURE_NO_WARNINGS. See online help for details.
  C:\Program Files (x86)\Windows Kits\10\Include\10.0.10240.0\ucrt\stdio.h(1193): note: see declaration of 'fscanf'
main.cpp(154): warning C4996: 'fscanf': This function or variable may be unsafe. Consider using fscanf_s instead. To disable deprecation, use _CRT_SECURE_NO_WARNINGS. See online help for details.
  C:\Program Files (x86)\Windows Kits\10\Include\10.0.10240.0\ucrt\stdio.h(1193): note: see declaration of 'fscanf'
main.cpp(159): warning C4996: 'fscanf': This function or variable may be unsafe. Consider using fscanf_s instead. To disable deprecation, use _CRT_SECURE_NO_WARNINGS. See online help for details.
  C:\Program Files (x86)\Windows Kits\10\Include\10.0.10240.0\ucrt\stdio.h(1193): note: see declaration of 'fscanf'
main.cpp(166): warning C4996: 'fscanf': This function or variable may be unsafe. Consider using fscanf_s instead. To disable deprecation, use _CRT_SECURE_NO_WARNINGS. See online help for details.
  C:\Program Files (x86)\Windows Kits\10\Include\10.0.10240.0\ucrt\stdio.h(1193): note: see declaration of 'fscanf'
main.cpp(368): warning C4244: '=': conversion from 'double' to 'float', possible loss of data
main.cpp(546): warning C4305: 'argument': truncation from 'double' to 'const float'
main.cpp(548): warning C4305: 'argument': truncation from 'double' to 'const float'
main.cpp(550): warning C4305: 'argument': truncation from 'double' to 'const float'
main.cpp(552): warning C4305: 'argument': truncation from 'double' to 'const float'
main.cpp(794): warning C4305: 'argument': truncation from 'double' to 'const float'
main.cpp(797): warning C4305: 'argument': truncation from 'double' to 'const float'
main.cpp(800): warning C4305: 'argument': truncation from 'double' to 'const float'
main.cpp(802): warning C4305: 'argument': truncation from 'double' to 'const float'
main.cpp(805): warning C4305: 'argument': truncation from 'double' to 'const float'
main.cpp(806): warning C4305: 'argument': truncation from 'double' to 'const float'
main.cpp(814): warning C4305: 'argument': truncation from 'double' to 'const float'
main.cpp(817): warning C4305: 'argument': truncation from 'double' to 'const float'
main.cpp(820): warning C4305: 'argument': truncation from 'double' to 'const float'
main.cpp(822): warning C4305: 'argument': truncation from 'double' to 'const float'
main.cpp(825): warning C4305: 'argument': truncation from 'double' to 'const float'
main.cpp(826): warning C4305: 'argument': truncation from 'double' to 'const float'
main.cpp(919): warning C4305: 'argument': truncation from 'double' to 'const float'
main.cpp(920): warning C4305: 'argument': truncation from 'double' to 'const float'
main.cpp(921): warning C4305: 'argument': truncation from 'double' to 'const float'
main.cpp(922): warning C4305: 'argument': truncation from 'double' to 'const float'
main.cpp(923): warning C4305: 'argument': truncation from 'double' to 'const float'
main.cpp(925): warning C4305: 'argument': truncation from 'double' to 'const float'
main.cpp(926): warning C4305: 'argument': truncation from 'double' to 'const float'
main.cpp(927): warning C4305: 'argument': truncation from 'double' to 'const float'
main.cpp(928): warning C4305: 'argument': truncation from 'double' to 'const float'
main.cpp(929): warning C4305: 'argument': truncation from 'double' to 'const float'
main.cpp(930): warning C4305: 'argument': truncation from 'double' to 'const float'
main.cpp(931): warning C4305: 'argument': truncation from 'double' to 'const float'
main.cpp(932): warning C4305: 'argument': truncation from 'double' to 'const float'
main.cpp(933): warning C4305: 'argument': truncation from 'double' to 'const float'
main.cpp(934): warning C4305: 'argument': truncation from 'double' to 'const float'
main.cpp(935): warning C4305: 'argument': truncation from 'double' to 'const float'
main.cpp(936): warning C4305: 'argument': truncation from 'double' to 'const float'
main.cpp(937): warning C4305: 'argument': truncation from 'double' to 'const float'
main.cpp(938): warning C4305: 'argument': truncation from 'double' to 'const float'
main.cpp(939): warning C4305: 'argument': truncation from 'double' to 'const float'
main.cpp(940): warning C4305: 'argument': truncation from 'double' to 'const float'
main.cpp(941): warning C4305: 'argument': truncation from 'double' to 'const float'
main.cpp(945): warning C4305: 'argument': truncation from 'double' to 'const float'
main.cpp(946): warning C4305: 'argument': truncation from 'double' to 'const float'
main.cpp(947): warning C4305: 'argument': truncation from 'double' to 'const float'
main.cpp(948): warning C4305: 'argument': truncation from 'double' to 'const float'
main.cpp(949): warning C4305: 'argument': truncation from 'double' to 'const float'
main.cpp(951): warning C4305: 'argument': truncation from 'double' to 'const float'
main.cpp(952): warning C4305: 'argument': truncation from 'double' to 'const float'
main.cpp(953): warning C4305: 'argument': truncation from 'double' to 'const float'
main.cpp(954): warning C4305: 'argument': truncation from 'double' to 'const float'
main.cpp(955): warning C4305: 'argument': truncation from 'double' to 'const float'
main.cpp(956): warning C4305: 'argument': truncation from 'double' to 'const float'
main.cpp(957): warning C4305: 'argument': truncation from 'double' to 'const float'
main.cpp(958): warning C4305: 'argument': truncation from 'double' to 'const float'
main.cpp(959): warning C4305: 'argument': truncation from 'double' to 'const float'
main.cpp(960): warning C4305: 'argument': truncation from 'double' to 'const float'
main.cpp(961): warning C4305: 'argument': truncation from 'double' to 'const float'
main.cpp(1141): warning C4305: 'argument': truncation from 'double' to 'const float'
main.cpp(1142): warning C4305: 'argument': truncation from 'double' to 'const float'
main.cpp(1155): warning C4305: 'argument': truncation from 'double' to 'const float'
main.cpp(1159): warning C4305: 'argument': truncation from 'double' to 'const float'
main.cpp(1163): warning C4305: 'argument': truncation from 'double' to 'const float'
main.cpp(1229): warning C4305: 'argument': truncation from 'double' to 'const float'
main.cpp(1230): warning C4305: 'argument': truncation from 'double' to 'const float'
main.cpp(1232): warning C4305: 'argument': truncation from 'double' to 'const float'
  Generating code
  2 of 760 functions ( 0.3%) were compiled, the rest were copied from previous compilation.
    0 functions were new in current compilation
    13 functions had inline decision re-evaluated but remain unchanged
  Finished generating code
  template_task3_2016_v1.vcxproj -> D:\downloads\mash3\template_task3_2016_vs\src\..\bin\main.exe
  template_task3_2016_v1.vcxproj -> ..\bin\main.pdb (Full PDB)
